#
# There is insufficient memory for the Java Runtime Environment to continue.
# Native memory allocation (mmap) failed to map 266338304 bytes for G1 virtual space
# Possible reasons:
#   The system is out of physical RAM or swap space
#   The process is running with CompressedOops enabled, and the Java Heap may be blocking the growth of the native heap
# Possible solutions:
#   Reduce memory load on the system
#   Increase physical memory or swap space
#   Check if swap backing store is full
#   Decrease Java heap size (-Xmx/-Xms)
#   Decrease number of Java threads
#   Decrease Java thread stack sizes (-Xss)
#   Set larger code cache with -XX:ReservedCodeCacheSize=
#   JVM is running with Zero Based Compressed Oops mode in which the Java heap is
#     placed in the first 32GB address space. The Java Heap base address is the
#     maximum limit for the native heap growth. Please use -XX:HeapBaseMinAddress
#     to set the Java Heap base and to place the Java Heap above 32GB virtual address.
# This output file may be truncated or incomplete.
#
#  Out of Memory Error (os_windows.cpp:3469), pid=5948, tid=18612
#
# JRE version:  (17.0+35) (build )
# Java VM: Java HotSpot(TM) 64-Bit Server VM (17+35-LTS-2724, mixed mode, sharing, tiered, compressed oops, compressed class ptrs, g1 gc, windows-amd64)
# No core dump will be written. Minidumps are not enabled by default on client versions of Windows
#

---------------  S U M M A R Y ------------

Command Line: -javaagent:C:\Program Files\JetBrains\IntelliJ IDEA 2021.2.3\lib\idea_rt.jar=62041:C:\Program Files\JetBrains\IntelliJ IDEA 2021.2.3\bin -Dfile.encoding=UTF-8 --module-path=C:\Users\Eric\.m2\repository\org\openjfx\javafx-fxml\17.0.0.1\javafx-fxml-17.0.0.1-win.jar;C:\Users\Eric\.m2\repository\org\openjfx\javafx-base\17.0.0.1\javafx-base-17.0.0.1-win.jar;C:\Users\Eric\.m2\repository\org\openjfx\javafx-graphics\17.0.0.1\javafx-graphics-17.0.0.1-win.jar;C:\Users\Eric\IdeaProjects\ElfsRevenge\target\classes;C:\Users\Eric\.m2\repository\org\openjfx\javafx-controls\17.0.0.1\javafx-controls-17.0.0.1-win.jar -Djdk.module.main=com.rtai.elfsrevenge.elfsrevenge com.rtai.elfsrevenge.elfsrevenge/com.rtai.elfsrevenge.elfsrevenge.Main

Host: Intel(R) Core(TM) i7-10510U CPU @ 1.80GHz, 8 cores, 15G,  Windows 10 , 64 bit Build 19041 (10.0.19041.1202)
Time: Sat Nov  6 19:05:59 2021 Paris, Madrid elapsed time: 0.022838 seconds (0d 0h 0m 0s)

---------------  T H R E A D  ---------------

Current thread (0x000001bb4bdef900):  JavaThread "Unknown thread" [_thread_in_vm, id=18612, stack(0x00000051eb100000,0x00000051eb200000)]

Stack: [0x00000051eb100000,0x00000051eb200000]
Native frames: (J=compiled Java code, j=interpreted, Vv=VM code, C=native code)
V  [jvm.dll+0x66f8ea]
V  [jvm.dll+0x7ce224]
V  [jvm.dll+0x7cf9ce]
V  [jvm.dll+0x7d0033]
V  [jvm.dll+0x242bb5]
V  [jvm.dll+0x66c909]
V  [jvm.dll+0x6613d2]
V  [jvm.dll+0x30082b]
V  [jvm.dll+0x307db6]
V  [jvm.dll+0x357a0e]
V  [jvm.dll+0x357c3f]
V  [jvm.dll+0x2d7ae8]
V  [jvm.dll+0x2d8a54]
V  [jvm.dll+0x7a00a1]
V  [jvm.dll+0x365781]
V  [jvm.dll+0x77f59c]
V  [jvm.dll+0x3e805f]
V  [jvm.dll+0x3e9b01]
C  [jli.dll+0x527b]
C  [ucrtbase.dll+0x21bb2]
C  [KERNEL32.DLL+0x17034]
C  [ntdll.dll+0x52651]


---------------  P R O C E S S  ---------------

Threads class SMR info:
_java_thread_list=0x00007fff1fbb7818, length=0, elements={
}

Java Threads: ( => current thread )

Other Threads:
  0x000001bb4be3db20 GCTaskThread "GC Thread#0" [stack: 0x00000051eb200000,0x00000051eb300000] [id=16212]
  0x000001bb4be4e7b0 ConcurrentGCThread "G1 Main Marker" [stack: 0x00000051eb300000,0x00000051eb400000] [id=12920]
  0x000001bb4be50970 ConcurrentGCThread "G1 Conc#0" [stack: 0x00000051eb400000,0x00000051eb500000] [id=8832]

[error occurred during error reporting (printing all threads), id 0xc0000005, EXCEPTION_ACCESS_VIOLATION (0xc0000005) at pc=0x00007fff1f4084c7]

VM state: not at safepoint (not fully initialized)

VM Mutex/Monitor currently owned by a thread:  ([mutex/lock_event])
[0x000001bb4bde99a0] Heap_lock - owner thread: 0x000001bb4bdef900

Heap address: 0x0000000702a00000, size: 4054 MB, Compressed Oops mode: Zero based, Oop shift amount: 3

CDS archive(s) mapped at: [0x0000000000000000-0x0000000000000000-0x0000000000000000), size 0, SharedBaseAddress: 0x0000000800000000, ArchiveRelocationMode: 0.
Narrow klass base: 0x0000000000000000, Narrow klass shift: 0, Narrow klass range: 0x0

GC Precious Log:
<Empty>

Heap:
 garbage-first heap   total 0K, used 0K [0x0000000702a00000, 0x0000000800000000)
  region size 2048K, 0 young (0K), 0 survivors (0K)

[error occurred during error reporting (printing heap information), id 0xc0000005, EXCEPTION_ACCESS_VIOLATION (0xc0000005) at pc=0x00007fff1f7e8c59]

GC Heap History (0 events):
No events

Deoptimization events (0 events):
No events

Classes unloaded (0 events):
No events

Classes redefined (0 events):
No events

Internal exceptions (0 events):
No events

VM Operations (0 events):
No events

Events (1 events):
Event: 0.009 Loaded shared library C:\Program Files\Java\jdk-17\bin\java.dll


Dynamic libraries:
0x00007ff6db4b0000 - 0x00007ff6db4c0000 	C:\Program Files\Java\jdk-17\bin\java.exe
0x00007fffcdc10000 - 0x00007fffcde05000 	C:\Windows\SYSTEM32\ntdll.dll
0x00007fffcd940000 - 0x00007fffcd9fe000 	C:\Windows\System32\KERNEL32.DLL
0x00007fffcb590000 - 0x00007fffcb859000 	C:\Windows\System32\KERNELBASE.dll
0x00007fffcbb60000 - 0x00007fffcbc60000 	C:\Windows\System32\ucrtbase.dll
0x00007fff9c160000 - 0x00007fff9c178000 	C:\Program Files\Java\jdk-17\bin\jli.dll
0x00007fffa2750000 - 0x00007fffa276a000 	C:\Program Files\Java\jdk-17\bin\VCRUNTIME140.dll
0x00007fffcbfc0000 - 0x00007fffcc06c000 	C:\Windows\System32\ADVAPI32.dll
0x00007fffcd3b0000 - 0x00007fffcd44e000 	C:\Windows\System32\msvcrt.dll
0x00007fffcdb20000 - 0x00007fffcdbbb000 	C:\Windows\System32\sechost.dll
0x00007fffcc2e0000 - 0x00007fffcc40a000 	C:\Windows\System32\RPCRT4.dll
0x00007fffcd660000 - 0x00007fffcd801000 	C:\Windows\System32\USER32.dll
0x00007fffb3550000 - 0x00007fffb37ea000 	C:\Windows\WinSxS\amd64_microsoft.windows.common-controls_6595b64144ccf1df_6.0.19041.1110_none_60b5254171f9507e\COMCTL32.dll
0x00007fffcb3c0000 - 0x00007fffcb3e2000 	C:\Windows\System32\win32u.dll
0x00007fffccb60000 - 0x00007fffccb8b000 	C:\Windows\System32\GDI32.dll
0x00007fffcba50000 - 0x00007fffcbb5b000 	C:\Windows\System32\gdi32full.dll
0x00007fffcb4f0000 - 0x00007fffcb58d000 	C:\Windows\System32\msvcp_win.dll
0x00007fffc2d30000 - 0x00007fffc2d3a000 	C:\Windows\SYSTEM32\VERSION.dll
0x00007fffcd070000 - 0x00007fffcd0a0000 	C:\Windows\System32\IMM32.DLL
0x00007fffc83c0000 - 0x00007fffc83cc000 	C:\Program Files\Java\jdk-17\bin\vcruntime140_1.dll
0x00007fff50920000 - 0x00007fff509ad000 	C:\Program Files\Java\jdk-17\bin\msvcp140.dll
0x00007fff1f120000 - 0x00007fff1fcde000 	C:\Program Files\Java\jdk-17\bin\server\jvm.dll
0x00007fffccb50000 - 0x00007fffccb58000 	C:\Windows\System32\PSAPI.DLL
0x00007fffb3a50000 - 0x00007fffb3a77000 	C:\Windows\SYSTEM32\WINMM.dll
0x00007fffb4230000 - 0x00007fffb4239000 	C:\Windows\SYSTEM32\WSOCK32.dll
0x00007fffcda00000 - 0x00007fffcda6b000 	C:\Windows\System32\WS2_32.dll
0x00007fffc9230000 - 0x00007fffc9242000 	C:\Windows\SYSTEM32\kernel.appcore.dll
0x00007fffbb3f0000 - 0x00007fffbb3fa000 	C:\Program Files\Java\jdk-17\bin\jimage.dll
0x00007fffb88e0000 - 0x00007fffb8ac4000 	C:\Windows\SYSTEM32\DBGHELP.DLL
0x00007fffb88b0000 - 0x00007fffb88dc000 	C:\Windows\SYSTEM32\dbgcore.DLL
0x00007fffcb330000 - 0x00007fffcb3b3000 	C:\Windows\System32\bcryptPrimitives.dll
0x00007fffa2740000 - 0x00007fffa274e000 	C:\Program Files\Java\jdk-17\bin\instrument.dll
0x00007fff9c130000 - 0x00007fff9c155000 	C:\Program Files\Java\jdk-17\bin\java.dll

dbghelp: loaded successfully - version: 4.0.5 - missing functions: none
symbol engine: initialized successfully - sym options: 0x614 - pdb path: .;C:\Program Files\Java\jdk-17\bin;C:\Windows\SYSTEM32;C:\Windows\WinSxS\amd64_microsoft.windows.common-controls_6595b64144ccf1df_6.0.19041.1110_none_60b5254171f9507e;C:\Program Files\Java\jdk-17\bin\server

VM Arguments:
jvm_args: -javaagent:C:\Program Files\JetBrains\IntelliJ IDEA 2021.2.3\lib\idea_rt.jar=62041:C:\Program Files\JetBrains\IntelliJ IDEA 2021.2.3\bin -Dfile.encoding=UTF-8 --module-path=C:\Users\Eric\.m2\repository\org\openjfx\javafx-fxml\17.0.0.1\javafx-fxml-17.0.0.1-win.jar;C:\Users\Eric\.m2\repository\org\openjfx\javafx-base\17.0.0.1\javafx-base-17.0.0.1-win.jar;C:\Users\Eric\.m2\repository\org\openjfx\javafx-graphics\17.0.0.1\javafx-graphics-17.0.0.1-win.jar;C:\Users\Eric\IdeaProjects\ElfsRevenge\target\classes;C:\Users\Eric\.m2\repository\org\openjfx\javafx-controls\17.0.0.1\javafx-controls-17.0.0.1-win.jar -Djdk.module.main=com.rtai.elfsrevenge.elfsrevenge 
java_command: com.rtai.elfsrevenge.elfsrevenge/com.rtai.elfsrevenge.elfsrevenge.Main
java_class_path (initial): C:\Users\Eric\.m2\repository\org\openjfx\javafx-controls\17.0.0.1\javafx-controls-17.0.0.1.jar;C:\Users\Eric\.m2\repository\org\openjfx\javafx-graphics\17.0.0.1\javafx-graphics-17.0.0.1.jar;C:\Users\Eric\.m2\repository\org\openjfx\javafx-base\17.0.0.1\javafx-base-17.0.0.1.jar;C:\Users\Eric\.m2\repository\org\openjfx\javafx-fxml\17.0.0.1\javafx-fxml-17.0.0.1.jar
Launcher Type: SUN_STANDARD

[Global flags]
     intx CICompilerCount                          = 4                                         {product} {ergonomic}
     uint ConcGCThreads                            = 2                                         {product} {ergonomic}
     uint G1ConcRefinementThreads                  = 8                                         {product} {ergonomic}
   size_t G1HeapRegionSize                         = 2097152                                   {product} {ergonomic}
    uintx GCDrainStackTargetSize                   = 64                                        {product} {ergonomic}
   size_t InitialHeapSize                          = 266338304                                 {product} {ergonomic}
   size_t MarkStackSize                            = 4194304                                   {product} {ergonomic}
   size_t MaxHeapSize                              = 4250927104                                {product} {ergonomic}
   size_t MinHeapDeltaBytes                        = 2097152                                   {product} {ergonomic}
   size_t MinHeapSize                              = 8388608                                   {product} {ergonomic}
    uintx NonNMethodCodeHeapSize                   = 5839372                                {pd product} {ergonomic}
    uintx NonProfiledCodeHeapSize                  = 122909434                              {pd product} {ergonomic}
    uintx ProfiledCodeHeapSize                     = 122909434                              {pd product} {ergonomic}
    uintx ReservedCodeCacheSize                    = 251658240                              {pd product} {ergonomic}
     bool SegmentedCodeCache                       = true                                      {product} {ergonomic}
   size_t SoftMaxHeapSize                          = 4250927104                             {manageable} {ergonomic}
     bool UseCompressedClassPointers               = true                           {product lp64_product} {ergonomic}
     bool UseCompressedOops                        = true                           {product lp64_product} {ergonomic}
     bool UseG1GC                                  = true                                      {product} {ergonomic}
     bool UseLargePagesIndividualAllocation        = false                                  {pd product} {ergonomic}

Logging:
Log output configuration:
 #0: stdout all=warning uptime,level,tags
 #1: stderr all=off uptime,level,tags

Environment Variables:
PATH=C:\Program Files\Common Files\Oracle\Java\javapath;C:\Program Files (x86)\Razer\ChromaBroadcast\bin;C:\Program Files\Razer\ChromaBroadcast\bin;C:\Windows\system32;C:\Windows;C:\Windows\System32\Wbem;C:\Windows\System32\WindowsPowerShell\v1.0\;C:\Windows\System32\OpenSSH\;C:\Program Files (x86)\NVIDIA Corporation\PhysX\Common;C:\Program Files\NVIDIA Corporation\NVIDIA NvDLISR;C:\Windows\system32\config\systemprofile\AppData\Local\Microsoft\WindowsApps;C:\Program Files (x86)\dotnet\;C:\Program Files\Git\cmd;C:\Program Files\MySQL\MySQL Shell 8.0\bin\;C:\Users\Eric\AppData\Local\Programs\Python\Python39\Scripts\;C:\Users\Eric\AppData\Local\Programs\Python\Python39\;C:\Users\Eric\AppData\Local\Microsoft\WindowsApps;C:\Users\Eric\AppData\Local\Programs\Microsoft VS Code\bin;C:\Program Files\MySQL\MySQL Server 8.0\bin;C:\Users\Eric\AppData\Local\GitHubDesktop\bin
USERNAME=Eric
OS=Windows_NT
PROCESSOR_IDENTIFIER=Intel64 Family 6 Model 142 Stepping 12, GenuineIntel



---------------  S Y S T E M  ---------------

OS:
 Windows 10 , 64 bit Build 19041 (10.0.19041.1202)
OS uptime: 8 days 11:55 hours

CPU: total 8 (initial active 8) (4 cores per cpu, 2 threads per core) family 6 model 142 stepping 12 microcode 0xca, cx8, cmov, fxsr, ht, mmx, 3dnowpref, sse, sse2, sse3, ssse3, sse4.1, sse4.2, popcnt, lzcnt, tsc, tscinvbit, avx, avx2, aes, erms, clmul, bmi1, bmi2, adx, fma, vzeroupper, clflush, clflushopt

Memory: 4k page, system-wide physical 16212M (4203M free)
TotalPageFile size 23378M (AvailPageFile size 29M)
current process WorkingSet (physical memory assigned to process): 10M, peak: 10M
current process commit charge ("private bytes"): 60M, peak: 314M

vm_info: Java HotSpot(TM) 64-Bit Server VM (17+35-LTS-2724) for windows-amd64 JRE (17+35-LTS-2724), built on Aug  5 2021 23:28:28 by "mach5one" with MS VC++ 16.8 (VS2019)

END.
